INFO-FLOW: Workspace /home/ramesh/mul1/solution1 opened at Sun Mar 19 14:13:28 IST 2023
Execute     config_clock -quiet -name default -period 10 -default=false 
INFO: [SYN 201-201] Setting up clock 'default' with a period of 10ns.
Execute     open_platform DefaultPlatform 
Execute     import_lib /tools/Xilinx/Vivado/2018.3/common/technology/xilinx/aartix7/aartix7 
Execute       source /tools/Xilinx/Vivado/2018.3/common/technology/xilinx/common/xilinx.lib 
Execute         source /tools/Xilinx/Vivado/2018.3/common/technology/xilinx/interface/xilinx_interface.lib 
Execute           source /tools/Xilinx/Vivado/2018.3/common/technology/xilinx/interface/plb46.lib 
Execute           source /tools/Xilinx/Vivado/2018.3/common/technology/xilinx/interface/fsl.lib 
Execute           source /tools/Xilinx/Vivado/2018.3/common/technology/xilinx/interface/axi4.lib 
Execute           source /tools/Xilinx/Vivado/2018.3/common/technology/xilinx/interface/maxi.lib 
Execute           source /tools/Xilinx/Vivado/2018.3/common/technology/xilinx/interface/saxilite.lib 
Execute         source /tools/Xilinx/Vivado/2018.3/common/technology/xilinx/common/dsp48.lib 
Execute         source /tools/Xilinx/Vivado/2018.3/common/technology/xilinx/ip/xfft.lib 
Execute         source /tools/Xilinx/Vivado/2018.3/common/technology/xilinx/ip/xfir.lib 
Execute         source /tools/Xilinx/Vivado/2018.3/common/technology/xilinx/ip/dds_compiler.lib 
Execute       source /tools/Xilinx/Vivado/2018.3/common/technology/xilinx/common/xilinx_old.lib 
Execute       source /tools/Xilinx/Vivado/2018.3/common/technology/xilinx/common/xilinx_vivado.lib 
Execute       source /tools/Xilinx/Vivado/2018.3/common/technology/xilinx/common/xilinx.hlp 
Execute         source /tools/Xilinx/Vivado/2018.3/common/technology/xilinx/common/target_info.tcl 
Execute         source /tools/Xilinx/Vivado/2018.3/common/technology/xilinx/interface/xilinx_interface.hlp 
Execute           source /tools/Xilinx/Vivado/2018.3/common/technology/xilinx/interface/maxi.hlp 
Execute           source /tools/Xilinx/Vivado/2018.3/common/technology/xilinx/interface/saxilite.hlp 
Execute         source /tools/Xilinx/Vivado/2018.3/common/technology/xilinx/common/dsp48.hlp 
Execute       source /tools/Xilinx/Vivado/2018.3/common/technology/xilinx/aartix7/dsp48e1.hlp 
Execute       get_default_platform 
Execute       config_chip_info -quiet -resource  {SLICE 15850} {LUT 63400}     {FF 126800} {DSP48E 240}    {BRAM 270}  
Execute       config_chip_info -quiet -speed medium 
Execute       source /tools/Xilinx/Vivado/2018.3/common/technology/xilinx/common/xilinx.hlp 
Execute         source /tools/Xilinx/Vivado/2018.3/common/technology/xilinx/common/target_info.tcl 
Execute         source /tools/Xilinx/Vivado/2018.3/common/technology/xilinx/interface/xilinx_interface.hlp 
Execute           source /tools/Xilinx/Vivado/2018.3/common/technology/xilinx/interface/maxi.hlp 
Execute           source /tools/Xilinx/Vivado/2018.3/common/technology/xilinx/interface/saxilite.hlp 
Execute         source /tools/Xilinx/Vivado/2018.3/common/technology/xilinx/common/dsp48.hlp 
Execute     source /tools/Xilinx/Vivado/2018.3/common/technology/xilinx/aartix7/aartix7.gen 
Execute       source /tools/Xilinx/Vivado/2018.3/common/technology/xilinx/common/virtex.gen 
Execute         source /tools/Xilinx/Vivado/2018.3/common/technology/xilinx/common/xilinx.gen 
Execute           source /tools/Xilinx/Vivado/2018.3/common/technology/xilinx/interface/plb46.gen 
Execute           source /tools/Xilinx/Vivado/2018.3/common/technology/xilinx/interface/fsl.gen 
Execute           source /tools/Xilinx/Vivado/2018.3/common/technology/xilinx/interface/axi4.gen 
Execute           source /tools/Xilinx/Vivado/2018.3/common/technology/xilinx/interface/nativeAXI4.gen 
Execute             source /tools/Xilinx/Vivado/2018.3/common/technology/xilinx/interface/saxilite.gen 
Execute             source /tools/Xilinx/Vivado/2018.3/common/technology/xilinx/interface/maxi.gen 
Execute           source /tools/Xilinx/Vivado/2018.3/common/technology/xilinx/scripts/xilinxcoregen.gen 
Execute           source /tools/Xilinx/Vivado/2018.3/common/technology/xilinx/interface/XilEDKCoreGen.gen 
Execute           source /tools/Xilinx/Vivado/2018.3/common/technology/xilinx/ip/dds_compiler.gen 
Execute           source /tools/Xilinx/Vivado/2018.3/common/technology/xilinx/ip/util.gen 
Execute           source /tools/Xilinx/Vivado/2018.3/common/technology/xilinx/ip/xfft.gen 
Command           ap_source done; 0.13 sec.
Execute           source /tools/Xilinx/Vivado/2018.3/common/technology/xilinx/ip/xfir.gen 
Command         ap_source done; 0.18 sec.
Execute         source /tools/Xilinx/Vivado/2018.3/common/technology/xilinx/common/dsp48.gen 
Command       ap_source done; 0.18 sec.
Command     ap_source done; 0.18 sec.
Execute     open_platform DefaultPlatform 
Execute     import_lib /tools/Xilinx/Vivado/2018.3/common/technology/xilinx/aartix7/aartix7_fpv6 
Execute       source /tools/Xilinx/Vivado/2018.3/common/technology/xilinx/common/xilinx_fpv7.lib 
Execute         source /tools/Xilinx/Vivado/2018.3/common/technology/xilinx/common/xilinx_hp.lib 
Execute       source /tools/Xilinx/Vivado/2018.3/common/technology/xilinx/common/xilinx_fpv.hlp 
Execute         source /tools/Xilinx/Vivado/2018.3/common/technology/xilinx/common/xilinx.hlp 
Execute           source /tools/Xilinx/Vivado/2018.3/common/technology/xilinx/common/target_info.tcl 
Execute           source /tools/Xilinx/Vivado/2018.3/common/technology/xilinx/interface/xilinx_interface.hlp 
Execute             source /tools/Xilinx/Vivado/2018.3/common/technology/xilinx/interface/maxi.hlp 
Execute             source /tools/Xilinx/Vivado/2018.3/common/technology/xilinx/interface/saxilite.hlp 
Execute           source /tools/Xilinx/Vivado/2018.3/common/technology/xilinx/common/dsp48.hlp 
Execute       source /tools/Xilinx/Vivado/2018.3/common/technology/xilinx/aartix7/aartix7_hp.hlp 
Execute     source /tools/Xilinx/Vivado/2018.3/common/technology/xilinx/aartix7/aartix7_fpv6.gen 
Execute       source /tools/Xilinx/Vivado/2018.3/common/technology/xilinx/common/xilinx_fpv6.gen 
Execute     set_part xa7a12tcsg325-1q 
Execute       add_library xilinx/aartix7/aartix7:xa7a12t:csg325:-1q 
Execute         get_default_platform 
Execute         license_isbetapart xa7a12t 
Command         license_isbetapart done; error code: 1; 
Execute         get_default_platform 
Execute         config_chip_info -quiet -resource  {SLICE 2000}  {LUT 8000}      {FF 16000}  {DSP48E 40}     {BRAM 40}  
Execute         config_chip_info -quiet -speed slow 
Execute       add_library xilinx/aartix7/aartix7_fpv6 
Execute         get_default_platform 
INFO: [HLS 200-10] Setting target device to 'xa7a12tcsg325-1q'
Execute       get_default_platform 
Execute     get_default_platform 
Execute     config_chip_info -quiet -resource  {SLICE 2000}  {LUT 8000}      {FF 16000}  {DSP48E 40}     {BRAM 40}  
Execute     config_chip_info -quiet -speed slow 
Execute     config_export -format=ip_catalog 
Execute     config_export -rtl=verilog 
Command   open_solution done; 0.3 sec.
Execute   set_part xa7a12tcsg325-1q 
Execute     add_library xilinx/aartix7/aartix7:xa7a12t:csg325:-1q 
Execute       get_default_platform 
Execute       license_isbetapart xa7a12t 
Command       license_isbetapart done; error code: 1; 
Execute       get_default_platform 
Execute       config_chip_info -quiet -resource  {SLICE 2000}  {LUT 8000}      {FF 16000}  {DSP48E 40}     {BRAM 40}  
Execute       config_chip_info -quiet -speed slow 
Execute     add_library xilinx/aartix7/aartix7_fpv6 
Execute       get_default_platform 
Execute     get_default_platform 
Command   set_part done; 0.12 sec.
Execute   create_clock -period 10 -name default 
Execute     config_clock -quiet -name default -period 10 -default=false 
INFO: [SYN 201-201] Setting up clock 'default' with a period of 10ns.
Execute   config_export -format ip_catalog -rtl verilog 
Execute   source ./mul1/solution1/directives.tcl 
Execute     set_directive_interface -mode ap_none multi A 
INFO-FLOW: Setting directive 'INTERFACE' ap_none=positionBoolean0mode port=positionBooleanTextRequiredA 
Execute     set_directive_interface -mode ap_none multi B 
INFO-FLOW: Setting directive 'INTERFACE' ap_none=positionBoolean0mode port=positionBooleanTextRequiredA 
INFO-FLOW: Setting directive 'INTERFACE' ap_none=positionBoolean0mode port=positionBooleanTextRequiredB 
Execute     set_directive_interface -mode ap_none multi C 
INFO-FLOW: Setting directive 'INTERFACE' ap_none=positionBoolean0mode port=positionBooleanTextRequiredA 
INFO-FLOW: Setting directive 'INTERFACE' ap_none=positionBoolean0mode port=positionBooleanTextRequiredB 
INFO-FLOW: Setting directive 'INTERFACE' ap_none=positionBoolean0mode port=positionBooleanTextRequiredC 
Execute   csynth_design 
Execute     get_config_compile -effort 
Execute     get_config_compile -enable_clang39 
Execute     get_config_compile -g 
Execute     get_config_compile -lm 
Execute     get_config_compile -ng 
Execute     get_config_compile -opt_fp 
Execute     get_config_compile -skip_cdt 
Execute     get_config_compile -skip_syncheck 
Execute     get_config_compile -skip_transform 
Execute     config_compile -blackbox  
Execute     get_config_compile -keep_printf 
Execute     elaborate -effort=medium -skip_syncheck=0 -keep_printf=0 -lm=0 -skip_cdt=0 -skip_transform=0 -ng=0 -g=0 -opt_fp=0 -from_csynth_design=1 
Execute       get_config_schedule -relax_ii_for_timing 
INFO: [SCHED 204-61] Option 'relax_ii_for_timing' is enabled, will increase II to preserve clock frequency constraints.
Execute       get_config_schedule -suppress_dependence_error_break 
INFO: [HLS 200-10] Analyzing design file 'Downloads/hls/multi/multiplier.cpp' ... 
INFO-FLOW: Compiling one TU...
Execute       is_m_axi_addr64 
INFO-FLOW: Handling Downloads/hls/multi/multiplier.cpp as C++
Execute       get_default_platform 
Execute       is_encrypted Downloads/hls/multi/multiplier.cpp 
Execute       get_default_platform 
INFO-FLOW: Running: GCC PP
INFO-FLOW: Source preprocessing
Execute       clang  -fno-limit-debug-info -gcc-toolchain "/tools/Xilinx/Vivado/2018.3/lnx64/tools/gcc" -hls  -fno-exceptions  -D__llvm__  -E "Downloads/hls/multi/multiplier.cpp"     -fno-math-errno -c -emit-llvm -O0  -mllvm -disable-llvm-optzns -fno-threadsafe-statics  -fno-use-cxa-atexit  -fno-threadsafe-statics -fno-use-cxa-atexit -D__CLANG_3_1__ -DAESL_SYN -D__SYNTHESIS__ -D__HLS_SYN__ -I "/tools/Xilinx/Vivado/2018.3/common/technology/autopilot" -I "/tools/Xilinx/Vivado/2018.3/common/technology/autopilot/ap_sysc" -include etc/autopilot_ssdm_op.h -D__DSP48E1__  -o "/home/ramesh/mul1/solution1/.autopilot/db/multiplier.pp.0.cpp" 
INFO-FLOW: exec /tools/Xilinx/Vivado/2018.3/lnx64/tools/clang/bin/clang -fno-limit-debug-info -gcc-toolchain /tools/Xilinx/Vivado/2018.3/lnx64/tools/gcc -hls -fno-exceptions -D__llvm__ -E Downloads/hls/multi/multiplier.cpp -fno-math-errno -c -emit-llvm -O0 -mllvm -disable-llvm-optzns -fno-threadsafe-statics -fno-use-cxa-atexit -fno-threadsafe-statics -fno-use-cxa-atexit -D__CLANG_3_1__ -DAESL_SYN -D__SYNTHESIS__ -D__HLS_SYN__ -I /tools/Xilinx/Vivado/2018.3/common/technology/autopilot -I /tools/Xilinx/Vivado/2018.3/common/technology/autopilot/ap_sysc -include etc/autopilot_ssdm_op.h -D__DSP48E1__ -o /home/ramesh/mul1/solution1/.autopilot/db/multiplier.pp.0.cpp
Command       clang done; 2.04 sec.
Execute       tidy_31 xilinx-xfmat-array-geometry /home/ramesh/mul1/solution1/.autopilot/db/multiplier.pp.0.cpp std=gnu++98 
INFO-FLOW: exec /tools/Xilinx/Vivado/2018.3/lnx64/tools/clang-3.9-csynth/bin/tidy-3.1 -header-filter=.* -checks=-*,xilinx-xfmat-array-geometry -quiet -fix /home/ramesh/mul1/solution1/.autopilot/db/multiplier.pp.0.cpp -- -std=gnu++98 -fhls -ferror-limit=0
INFO-FLOW: Syntax Checking before pre-processing...
Execute       clang -syntaxcheck -src /home/ramesh/mul1/solution1/.autopilot/db/multiplier.pp.0.cpp  -fno-limit-debug-info -gcc-toolchain "/tools/Xilinx/Vivado/2018.3/lnx64/tools/gcc" -hls    -fno-math-errno -c -emit-llvm -O0  -mllvm -disable-llvm-optzns -fno-threadsafe-statics  -fno-use-cxa-atexit  -fno-threadsafe-statics -fno-use-cxa-atexit -D__CLANG_3_1__ -DAESL_SYN -D__SYNTHESIS__ -D__HLS_SYN__ -I "/tools/Xilinx/Vivado/2018.3/common/technology/autopilot" -I "/tools/Xilinx/Vivado/2018.3/common/technology/autopilot/ap_sysc" -include etc/autopilot_ssdm_op.h -D__DSP48E1__  "/home/ramesh/mul1/solution1/.autopilot/db/multiplier.pp.0.cpp"  -o "/home/ramesh/mul1/solution1/.autopilot/db/useless.bc"  
INFO-FLOW: exec /tools/Xilinx/Vivado/2018.3/lnx64/tools/clang/bin/clang -fno-limit-debug-info -gcc-toolchain /tools/Xilinx/Vivado/2018.3/lnx64/tools/gcc -hls -fno-math-errno -c -emit-llvm -O0 -mllvm -disable-llvm-optzns -fno-threadsafe-statics -fno-use-cxa-atexit -fno-threadsafe-statics -fno-use-cxa-atexit -D__CLANG_3_1__ -DAESL_SYN -D__SYNTHESIS__ -D__HLS_SYN__ -I /tools/Xilinx/Vivado/2018.3/common/technology/autopilot -I /tools/Xilinx/Vivado/2018.3/common/technology/autopilot/ap_sysc -include etc/autopilot_ssdm_op.h -D__DSP48E1__ /home/ramesh/mul1/solution1/.autopilot/db/multiplier.pp.0.cpp -o /home/ramesh/mul1/solution1/.autopilot/db/useless.bc
ERROR: [HLS 200-70] Compilation errors found: In file included from Downloads/hls/multi/multiplier.cpp:1:
Downloads/hls/multi/multiplier.cpp:6:2: error: C++ requires a type specifier for all declarations
*C=A*B;
~^
Downloads/hls/multi/multiplier.cpp:6:4: error: use of undeclared identifier 'A'
*C=A*B;
   ^
Downloads/hls/multi/multiplier.cpp:6:6: error: use of undeclared identifier 'B'
*C=A*B;
     ^
3 errors generated.
Command       clang done; error code: 2; 2.03 sec.
Command     elaborate done; error code: 2; 4.12 sec.
Command   csynth_design done; error code: 2; 4.12 sec.
Command ap_source done; error code: 1; 4.56 sec.
Execute cleanup_all 
