INFO: [SIM 2] *************** CSIM start ***************
INFO: [SIM 4] CSIM will launch GCC as the compiler.
   Compiling ../../../../Downloads/timer/timer-vitishls-files/timer-tb.cpp in debug mode
   Compiling ../../../../Downloads/timer/timer-vitishls-files/timer.cpp in debug mode
   Generating csim.exe
 start = 0 end = 0
 start = 0 end = 0
 start = 0 end = 0
 start = 0 end = 0
 start = 0 end = 0
 start = 0 end = 0
 start = 0 end = 0
 start = 0 end = 0
 start = 0 end = 0
 start = 0 end = 0
 start = 0 end = 0
 start = 0 end = 0
 start = 0 end = 0
 start = 0 end = 0
 start = 0 end = 0
 start = 0 end = 0
 start = 0 end = 0
 start = 0 end = 0
 start = 0 end = 0
 start = 0 end = 0
 start = 1 end = 0
 start = 0 end = 0
 start = 0 end = 0
 start = 0 end = 0
 start = 0 end = 0
 start = 0 end = 0
 start = 0 end = 0
 start = 0 end = 0
 start = 0 end = 0
 start = 0 end = 0
 start = 0 end = 0
 start = 0 end = 0
 start = 0 end = 0
 start = 0 end = 0
 start = 0 end = 0
 start = 0 end = 0
 start = 0 end = 0
 start = 0 end = 0
 start = 0 end = 0
 start = 0 end = 0
 start = 0 end = 1
 start = 0 end = 0
 start = 0 end = 0
 start = 0 end = 0
 start = 0 end = 0
 start = 0 end = 0
 start = 0 end = 0
 start = 0 end = 0
 start = 0 end = 0
 start = 0 end = 0
 start = 0 end = 0
 start = 0 end = 0
 start = 0 end = 0
 start = 0 end = 0
 start = 0 end = 0
 start = 0 end = 0
 start = 0 end = 0
 start = 0 end = 0
 start = 0 end = 0
 start = 0 end = 0
 start = 0 end = 0
 start = 0 end = 0
 start = 0 end = 0
 start = 0 end = 0
 start = 0 end = 0
 start = 0 end = 0
 start = 0 end = 0
 start = 0 end = 0
 start = 0 end = 0
 start = 0 end = 0
 start = 0 end = 0
INFO: [SIM 1] CSim done with 0 errors.
INFO: [SIM 3] *************** CSIM finish ***************
